#
# A fatal error has been detected by the Java Runtime Environment:
#
#  SIGSEGV (0xb) at pc=0xb3dd665d, pid=4383, tid=2384337728
#
# JRE version: Java(TM) SE Runtime Environment (7.0_80-b15) (build 1.7.0_80-b15)
# Java VM: Java HotSpot(TM) Server VM (24.80-b11 mixed mode linux-x86 )
# Problematic frame:
# v  ~BufferBlob::jni_fast_GetLongField
#
# Failed to write core dump. Core dumps have been disabled. To enable core dumping, try "ulimit -c unlimited" before starting Java again
#
# If you would like to submit a bug report, please visit:
#   http://bugreport.java.com/bugreport/crash.jsp
# The crash happened outside the Java Virtual Machine in native code.
# See problematic frame for where to report the bug.
#

---------------  T H R E A D  ---------------

Current thread (0x8eac3400):  JavaThread "AWT-XAWT" daemon [_thread_in_native, id=4396, stack(0x8e191000,0x8e1e2000)]

siginfo:si_signo=SIGSEGV: si_errno=0, si_code=1 (SEGV_MAPERR), si_addr=0x00000000

Registers:
EAX=0x00000000, EBX=0x8e455614, ECX=0x0000000e, EDX=0x00000000
ESP=0x8e1e0c38, EBP=0x8e1e0c78, ESI=0x00000042, EDI=0x8eac3530
EIP=0xb3dd665d, EFLAGS=0x00010246, CR2=0x00000000

Top of Stack: (sp=0x8e1e0c38)
0x8e1e0c38:   8df43a40 8e4288dd 8eac3530 00000000
0x8e1e0c48:   00000042 90735468 00000000 8eac3530
0x8e1e0c58:   8e1e0c78 00000000 b794d9e4 00010002
0x8e1e0c68:   00200003 8e3f4000 8df43a40 00000000
0x8e1e0c78:   8df43ae0 8e30a70b 8df43ae0 00000000
0x8e1e0c88:   00000000 8e1e0c98 8e1e0cc0 b3d924cf
0x8e1e0c98:   8e30a6a9 8e3f4000 00200003 90150790
0x8e1e0ca8:   000a0000 8e301f6c 8df43ae0 90735c90 

Instructions: (pc=0xb3dd665d)
0xb3dd663d:   00 00 00 56 8b 0d 08 f1 96 b7 f6 c1 01 0f 85 30
0xb3dd664d:   00 00 00 8b c1 83 e0 01 8b 54 04 0c 8b 74 24 10
0xb3dd665d:   8b 12 c1 ee 02 8b 04 32 8b 54 32 04 be 08 f1 96
0xb3dd666d:   b7 33 f2 33 f0 33 f2 33 f0 3b 0e 0f 85 02 00 00 

Register to memory mapping:

EAX=0x00000000 is an unknown value
EBX=0x8e455614: <offset 0x49614> in /opt/jdk/jdk1.7.0_80/jre/lib/i386/xawt/libmawt.so at 0x8e40c000
ECX=0x0000000e is an unknown value
EDX=0x00000000 is an unknown value
ESP=0x8e1e0c38 is pointing into the stack for thread: 0x8eac3400
EBP=0x8e1e0c78 is pointing into the stack for thread: 0x8eac3400
ESI=0x00000042 is an unknown value
EDI=0x8eac3530 is an unknown value


Stack: [0x8e191000,0x8e1e2000],  sp=0x8e1e0c38,  free space=319k
Native frames: (J=compiled Java code, j=interpreted, Vv=VM code, C=native code)
v  ~BufferBlob::jni_fast_GetLongField

Java frames: (J=compiled Java code, j=interpreted, Vv=VM code)
j  sun.awt.X11.XlibWrapper.XFilterEvent(JJ)Z+0
j  sun.awt.X11.XToolkit.run(Z)V+300
j  sun.awt.X11.XToolkit.run()V+5
j  java.lang.Thread.run()V+11
v  ~StubRoutines::call_stub

---------------  P R O C E S S  ---------------

Java Threads: ( => current thread )
  0x8df65400 JavaThread "TimerQueue" daemon [_thread_blocked, id=4405, stack(0x8e000000,0x8e051000)]
  0xb6e08000 JavaThread "DestroyJavaVM" [_thread_blocked, id=4384, stack(0xb6f24000,0xb6f75000)]
  0x90152c00 JavaThread "AWT-EventQueue-0" [_thread_blocked, id=4398, stack(0x8e0ef000,0x8e140000)]
  0x8eac8c00 JavaThread "AWT-Shutdown" [_thread_blocked, id=4397, stack(0x8e140000,0x8e191000)]
=>0x8eac3400 JavaThread "AWT-XAWT" daemon [_thread_in_native, id=4396, stack(0x8e191000,0x8e1e2000)]
  0x8eab0c00 JavaThread "Java2D Disposer" daemon [_thread_blocked, id=4395, stack(0x8e1f5000,0x8e246000)]
  0x8ea2b800 JavaThread "Service Thread" daemon [_thread_blocked, id=4393, stack(0x8e58a000,0x8e5db000)]
  0x8ea29800 JavaThread "C2 CompilerThread1" daemon [_thread_blocked, id=4392, stack(0x8e5db000,0x8e65c000)]
  0x8ea27400 JavaThread "C2 CompilerThread0" daemon [_thread_blocked, id=4391, stack(0x8e65c000,0x8e6dd000)]
  0x8ea22800 JavaThread "Signal Dispatcher" daemon [_thread_blocked, id=4390, stack(0x8e6dd000,0x8e72e000)]
  0x8ea14c00 JavaThread "Finalizer" daemon [_thread_blocked, id=4389, stack(0x8e92e000,0x8e97f000)]
  0x8ea13400 JavaThread "Reference Handler" daemon [_thread_blocked, id=4388, stack(0x8eb09000,0x8eb5a000)]

Other Threads:
  0x8ea10800 VMThread [stack: 0x8e97f000,0x8ea00000] [id=4387]
  0x8ea2d800 WatcherThread [stack: 0x8e509000,0x8e58a000] [id=4394]

VM state:not at safepoint (normal execution)

VM Mutex/Monitor currently owned by a thread: None

Heap
 PSYoungGen      total 9472K, used 4768K [0xa9540000, 0xa9fc0000, 0xb3cc0000)
  eden space 8192K, 58% used [0xa9540000,0xa99e80c0,0xa9d40000)
  from space 1280K, 0% used [0xa9e80000,0xa9e80000,0xa9fc0000)
  to   space 1280K, 0% used [0xa9d40000,0xa9d40000,0xa9e80000)
 ParOldGen       total 21248K, used 0K [0x946c0000, 0x95b80000, 0xa9540000)
  object space 21248K, 0% used [0x946c0000,0x946c0000,0x95b80000)
 PSPermGen       total 16384K, used 6403K [0x906c0000, 0x916c0000, 0x946c0000)
  object space 16384K, 39% used [0x906c0000,0x90d00e88,0x916c0000)

Card table byte_map: [0x905a4000,0x906c0000] byte_map_base: 0x90120a00

Polling page: 0xb7fa5000

Code Cache  [0xb3d8f000, 0xb3fcf000, 0xb6d8f000)
 total_blobs=272 nmethods=50 adapters=176 free_code_cache=48748Kb largest_free_block=49900608

Compilation events (10 events):
Event: 1735.888 Thread 0x8ea29800   44             sun.awt.X11.XToolkit::getDisplay (4 bytes)
Event: 1735.889 Thread 0x8ea29800 nmethod 44 0xb3df2448 code [0xb3df2520, 0xb3df2570]
Event: 3541.376 Thread 0x8ea29800   46             java.util.concurrent.locks.ReentrantLock$Sync::nonfairTryAcquire (67 bytes)
Event: 3541.377 Thread 0x8ea29800 nmethod 46 0xb3df1f48 code [0xb3df2040, 0xb3df2110]
Event: 4414.312 Thread 0x8ea27400   47   !         sun.awt.X11.XToolkit::callTimeoutTasks (220 bytes)
Event: 4414.314 Thread 0x8ea27400 nmethod 47 0xb3df1a48 code [0xb3df1b60, 0xb3df1c90]
Event: 4700.124 Thread 0x8ea27400   48   !         sun.awt.X11.XToolkit::getNextTaskTime (55 bytes)
Event: 4700.129 Thread 0x8ea27400 nmethod 48 0xb3df12c8 code [0xb3df1400, 0xb3df1664]
Event: 6699.296 Thread 0x8ea27400   50 % !         sun.awt.X11.XToolkit::run @ 59 (410 bytes)
Event: 6699.327 Thread 0x8ea27400 nmethod 50% 0xb3df5488 code [0xb3df5920, 0xb3df6a2c]

GC Heap History (0 events):
No events

Deoptimization events (3 events):
Event: 0.259 Thread 0x90152c00 Uncommon trap: reason=unstable_if action=reinterpret pc=0xb3de1e0c method=java.util.Properties$LineReader.readLine()I @ 369
Event: 0.339 Thread 0x90152c00 Uncommon trap: reason=class_check action=maybe_recompile pc=0xb3de54a0 method=java.util.Properties$LineReader.readLine()I @ 402
Event: 7400.269 Thread 0x8eac3400 Uncommon trap: reason=unstable_if action=reinterpret pc=0xb3df5c84 method=sun.awt.X11.XToolkit.run(Z)V @ 66

Internal exceptions (10 events):
Event: 0.085 Thread 0xb6e08000 Threw 0xa95e0948 at /HUDSON/workspace/7u-2-build-linux-i586/jdk7u80/2329/hotspot/src/share/vm/prims/jni.cpp:717
Event: 4.199 Thread 0x90152c00 Threw 0xa98ac868 at /HUDSON/workspace/7u-2-build-linux-i586/jdk7u80/2329/hotspot/src/share/vm/prims/jvm.cpp:1319
Event: 4.200 Thread 0x90152c00 Threw 0xa98ade78 at /HUDSON/workspace/7u-2-build-linux-i586/jdk7u80/2329/hotspot/src/share/vm/prims/jvm.cpp:1319
Event: 4.201 Thread 0x90152c00 Threw 0xa98b22e0 at /HUDSON/workspace/7u-2-build-linux-i586/jdk7u80/2329/hotspot/src/share/vm/prims/jvm.cpp:1319
Event: 4.201 Thread 0x90152c00 Threw 0xa98b38f0 at /HUDSON/workspace/7u-2-build-linux-i586/jdk7u80/2329/hotspot/src/share/vm/prims/jvm.cpp:1319
Event: 4.220 Thread 0x90152c00 Threw 0xa98e7140 at /HUDSON/workspace/7u-2-build-linux-i586/jdk7u80/2329/hotspot/src/share/vm/prims/jvm.cpp:1319
Event: 4.220 Thread 0x90152c00 Threw 0xa98e85d0 at /HUDSON/workspace/7u-2-build-linux-i586/jdk7u80/2329/hotspot/src/share/vm/prims/jvm.cpp:1319
Event: 4.221 Thread 0x90152c00 Threw 0xa98eb710 at /HUDSON/workspace/7u-2-build-linux-i586/jdk7u80/2329/hotspot/src/share/vm/prims/jvm.cpp:1319
Event: 4.221 Thread 0x90152c00 Threw 0xa98ecc28 at /HUDSON/workspace/7u-2-build-linux-i586/jdk7u80/2329/hotspot/src/share/vm/prims/jvm.cpp:1319
Event: 4.287 Thread 0x90152c00 Threw 0xa9948610 at /HUDSON/workspace/7u-2-build-linux-i586/jdk7u80/2329/hotspot/src/share/vm/prims/jni.cpp:743

Events (10 events):
Event: 7400.269 Thread 0x8eac3400 DEOPT PACKING pc=0xb3df5c84 sp=0x8e1e0d80
Event: 7400.269 Thread 0x8eac3400 DEOPT UNPACKING pc=0xb3dbbbc8 sp=0x8e1e0d6c mode 2
Event: 7400.269 Executing VM operation: RevokeBias
Event: 7400.269 Executing VM operation: RevokeBias done
Event: 7400.269 loading class 0x9011b800
Event: 7400.598 loading class 0x9011b800 done
Event: 7400.598 Executing VM operation: RevokeBias
Event: 7400.598 Executing VM operation: RevokeBias done
Event: 7400.598 Executing VM operation: RevokeBias
Event: 7400.598 Executing VM operation: RevokeBias done


Dynamic libraries:
08048000-08049000 r-xp 00000000 08:01 15209650   /opt/jdk/jdk1.7.0_80/bin/java
08049000-0804a000 rw-p 00000000 08:01 15209650   /opt/jdk/jdk1.7.0_80/bin/java
09538000-0964e000 rw-p 00000000 00:00 0          [heap]
8dd00000-8dd29000 rw-p 00000000 00:00 0 
8dd29000-8de00000 ---p 00000000 00:00 0 
8de98000-8def8000 r-xp 00000000 08:01 5245045    /opt/jdk/jdk1.7.0_80/jre/lib/i386/libt2k.so
8def8000-8defc000 rw-p 00060000 08:01 5245045    /opt/jdk/jdk1.7.0_80/jre/lib/i386/libt2k.so
8defc000-8df00000 rw-p 00000000 00:00 0 
8df00000-8df72000 rw-p 00000000 00:00 0 
8df72000-8e000000 ---p 00000000 00:00 0 
8e000000-8e003000 ---p 00000000 00:00 0 
8e003000-8e051000 rw-p 00000000 00:00 0 
8e051000-8e05b000 r--s 00253000 08:01 16521779   /opt/jdk/jdk1.7.0_80/jre/lib/resources.jar
8e05b000-8e069000 r-xp 00000000 08:01 5245082    /opt/jdk/jdk1.7.0_80/jre/lib/i386/libnio.so
8e069000-8e06a000 rw-p 0000e000 08:01 5245082    /opt/jdk/jdk1.7.0_80/jre/lib/i386/libnio.so
8e06a000-8e085000 r-xp 00000000 08:01 6558514    /lib/i386-linux-gnu/libgcc_s.so.1
8e085000-8e086000 r--p 0001a000 08:01 6558514    /lib/i386-linux-gnu/libgcc_s.so.1
8e086000-8e087000 rw-p 0001b000 08:01 6558514    /lib/i386-linux-gnu/libgcc_s.so.1
8e087000-8e0e8000 r-xp 00000000 08:01 5245062    /opt/jdk/jdk1.7.0_80/jre/lib/i386/libfontmanager.so
8e0e8000-8e0eb000 rw-p 00060000 08:01 5245062    /opt/jdk/jdk1.7.0_80/jre/lib/i386/libfontmanager.so
8e0eb000-8e0ef000 rw-p 00000000 00:00 0 
8e0ef000-8e0f2000 ---p 00000000 00:00 0 
8e0f2000-8e140000 rw-p 00000000 00:00 0 
8e140000-8e143000 ---p 00000000 00:00 0 
8e143000-8e191000 rw-p 00000000 00:00 0 
8e191000-8e194000 ---p 00000000 00:00 0 
8e194000-8e1e2000 rw-p 00000000 00:00 0 
8e1e2000-8e1e7000 r-xp 00000000 08:01 12981403   /usr/lib/i386-linux-gnu/libXfixes.so.3.1.0
8e1e7000-8e1e8000 r--p 00004000 08:01 12981403   /usr/lib/i386-linux-gnu/libXfixes.so.3.1.0
8e1e8000-8e1e9000 rw-p 00005000 08:01 12981403   /usr/lib/i386-linux-gnu/libXfixes.so.3.1.0
8e1e9000-8e1f3000 r-xp 00000000 08:01 12982503   /usr/lib/i386-linux-gnu/libXcursor.so.1.0.2
8e1f3000-8e1f4000 r--p 00009000 08:01 12982503   /usr/lib/i386-linux-gnu/libXcursor.so.1.0.2
8e1f4000-8e1f5000 rw-p 0000a000 08:01 12982503   /usr/lib/i386-linux-gnu/libXcursor.so.1.0.2
8e1f5000-8e1f8000 ---p 00000000 00:00 0 
8e1f8000-8e246000 rw-p 00000000 00:00 0 
8e246000-8e25f000 r-xp 00000000 08:01 6554479    /lib/i386-linux-gnu/libbsd.so.0.8.6
8e25f000-8e260000 r--p 00018000 08:01 6554479    /lib/i386-linux-gnu/libbsd.so.0.8.6
8e260000-8e261000 rw-p 00019000 08:01 6554479    /lib/i386-linux-gnu/libbsd.so.0.8.6
8e261000-8e28b000 r-xp 00000000 08:01 12981420   /usr/lib/i386-linux-gnu/libxcb.so.1.1.0
8e28b000-8e28c000 r--p 00029000 08:01 12981420   /usr/lib/i386-linux-gnu/libxcb.so.1.1.0
8e28c000-8e28d000 rw-p 0002a000 08:01 12981420   /usr/lib/i386-linux-gnu/libxcb.so.1.1.0
8e28d000-8e29e000 r-xp 00000000 08:01 12981411   /usr/lib/i386-linux-gnu/libXi.so.6.1.0
8e29e000-8e29f000 r--p 00010000 08:01 12981411   /usr/lib/i386-linux-gnu/libXi.so.6.1.0
8e29f000-8e2a0000 rw-p 00011000 08:01 12981411   /usr/lib/i386-linux-gnu/libXi.so.6.1.0
8e2a0000-8e2aa000 r-xp 00000000 08:01 12979662   /usr/lib/i386-linux-gnu/libXrender.so.1.3.0
8e2aa000-8e2ab000 r--p 00009000 08:01 12979662   /usr/lib/i386-linux-gnu/libXrender.so.1.3.0
8e2ab000-8e2ac000 rw-p 0000a000 08:01 12979662   /usr/lib/i386-linux-gnu/libXrender.so.1.3.0
8e2ac000-8e3f2000 r-xp 00000000 08:01 12976148   /usr/lib/i386-linux-gnu/libX11.so.6.3.0
8e3f2000-8e3f3000 ---p 00146000 08:01 12976148   /usr/lib/i386-linux-gnu/libX11.so.6.3.0
8e3f3000-8e3f4000 r--p 00146000 08:01 12976148   /usr/lib/i386-linux-gnu/libX11.so.6.3.0
8e3f4000-8e3f6000 rw-p 00147000 08:01 12976148   /usr/lib/i386-linux-gnu/libX11.so.6.3.0
8e3f6000-8e3f7000 rw-p 00000000 00:00 0 
8e3f7000-8e40a000 r-xp 00000000 08:01 12981864   /usr/lib/i386-linux-gnu/libXext.so.6.4.0
8e40a000-8e40b000 r--p 00012000 08:01 12981864   /usr/lib/i386-linux-gnu/libXext.so.6.4.0
8e40b000-8e40c000 rw-p 00013000 08:01 12981864   /usr/lib/i386-linux-gnu/libXext.so.6.4.0
8e40c000-8e455000 r-xp 00000000 08:01 5245075    /opt/jdk/jdk1.7.0_80/jre/lib/i386/xawt/libmawt.so
8e455000-8e457000 rw-p 00049000 08:01 5245075    /opt/jdk/jdk1.7.0_80/jre/lib/i386/xawt/libmawt.so
8e457000-8e458000 rw-p 00000000 00:00 0 
8e458000-8e4de000 r-xp 00000000 08:01 5245083    /opt/jdk/jdk1.7.0_80/jre/lib/i386/libawt.so
8e4de000-8e4e5000 rw-p 00086000 08:01 5245083    /opt/jdk/jdk1.7.0_80/jre/lib/i386/libawt.so
8e4e5000-8e509000 rw-p 00000000 00:00 0 
8e509000-8e50a000 ---p 00000000 00:00 0 
8e50a000-8e58a000 rw-p 00000000 00:00 0 
8e58a000-8e58d000 ---p 00000000 00:00 0 
8e58d000-8e5db000 rw-p 00000000 00:00 0 
8e5db000-8e5de000 ---p 00000000 00:00 0 
8e5de000-8e65c000 rw-p 00000000 00:00 0 
8e65c000-8e65f000 ---p 00000000 00:00 0 
8e65f000-8e6dd000 rw-p 00000000 00:00 0 
8e6dd000-8e6e0000 ---p 00000000 00:00 0 
8e6e0000-8e72e000 rw-p 00000000 00:00 0 
8e72e000-8e92e000 r--p 00000000 08:01 12978858   /usr/lib/locale/locale-archive
8e92e000-8e931000 ---p 00000000 00:00 0 
8e931000-8e97f000 rw-p 00000000 00:00 0 
8e97f000-8e980000 ---p 00000000 00:00 0 
8e980000-8ea00000 rw-p 00000000 00:00 0 
8ea00000-8eaf7000 rw-p 00000000 00:00 0 
8eaf7000-8eb00000 ---p 00000000 00:00 0 
8eb01000-8eb06000 r-xp 00000000 08:01 12978584   /usr/lib/i386-linux-gnu/libXtst.so.6.1.0
8eb06000-8eb07000 ---p 00005000 08:01 12978584   /usr/lib/i386-linux-gnu/libXtst.so.6.1.0
8eb07000-8eb08000 r--p 00005000 08:01 12978584   /usr/lib/i386-linux-gnu/libXtst.so.6.1.0
8eb08000-8eb09000 rw-p 00006000 08:01 12978584   /usr/lib/i386-linux-gnu/libXtst.so.6.1.0
8eb09000-8eb0c000 ---p 00000000 00:00 0 
8eb0c000-8eb5a000 rw-p 00000000 00:00 0 
8eb5a000-8ed1a000 r--s 039fb000 08:01 16521768   /opt/jdk/jdk1.7.0_80/jre/lib/rt.jar
8ed1a000-90100000 rw-p 00000000 00:00 0 
90100000-901fa000 rw-p 00000000 00:00 0 
901fa000-90200000 ---p 00000000 00:00 0 
90209000-9021e000 r-xp 00000000 08:01 5245107    /opt/jdk/jdk1.7.0_80/jre/lib/i386/libnet.so
9021e000-9021f000 rw-p 00015000 08:01 5245107    /opt/jdk/jdk1.7.0_80/jre/lib/i386/libnet.so
9021f000-9022a000 r--s 0037c000 08:01 16521770   /opt/jdk/jdk1.7.0_80/jre/lib/charsets.jar
9022a000-90234000 r--s 000ec000 08:01 11141921   /home/the_prober/Documents/Classpath/mysql-connector-java-5.1.46.jar
90234000-9027f000 rw-p 00000000 00:00 0 
9027f000-90280000 ---p 00000000 00:00 0 
90280000-90300000 rw-p 00000000 00:00 0 
90300000-90321000 rw-p 00000000 00:00 0 
90321000-90400000 ---p 00000000 00:00 0 
90400000-9045b000 rw-p 00000000 00:00 0 
9045b000-9045c000 ---p 00000000 00:00 0 
9045c000-904e4000 rw-p 00000000 00:00 0 
904e4000-904fc000 rw-p 00000000 00:00 0 
904fc000-90507000 rw-p 00000000 00:00 0 
90507000-905a4000 rw-p 00000000 00:00 0 
905a4000-905ac000 rw-p 00000000 00:00 0 
905ac000-905c4000 rw-p 00000000 00:00 0 
905c4000-905cf000 rw-p 00000000 00:00 0 
905cf000-9066b000 rw-p 00000000 00:00 0 
9066b000-90671000 rw-p 00000000 00:00 0 
90671000-906bf000 rw-p 00000000 00:00 0 
906bf000-916c0000 rw-p 00000000 00:00 0 
916c0000-946c0000 rw-p 00000000 00:00 0 
946c0000-95b80000 rw-p 00000000 00:00 0 
95b80000-a9540000 rw-p 00000000 00:00 0 
a9540000-a9fc0000 rw-p 00000000 00:00 0 
a9fc0000-b3cc0000 rw-p 00000000 00:00 0 
b3cc1000-b3cd8000 rw-p 00000000 00:00 0 
b3cd8000-b3d8f000 rw-p 00000000 00:00 0 
b3d8f000-b3fcf000 rwxp 00000000 00:00 0 
b3fcf000-b6d8f000 rw-p 00000000 00:00 0 
b6d8f000-b6d9a000 r-xp 00000000 08:01 6554308    /lib/i386-linux-gnu/libnss_files-2.26.so
b6d9a000-b6d9b000 r--p 0000a000 08:01 6554308    /lib/i386-linux-gnu/libnss_files-2.26.so
b6d9b000-b6d9c000 rw-p 0000b000 08:01 6554308    /lib/i386-linux-gnu/libnss_files-2.26.so
b6d9c000-b6da2000 rw-p 00000000 00:00 0 
b6da2000-b6db9000 r-xp 00000000 08:01 6554283    /lib/i386-linux-gnu/libnsl-2.26.so
b6db9000-b6dba000 r--p 00016000 08:01 6554283    /lib/i386-linux-gnu/libnsl-2.26.so
b6dba000-b6dbb000 rw-p 00017000 08:01 6554283    /lib/i386-linux-gnu/libnsl-2.26.so
b6dbb000-b6dbd000 rw-p 00000000 00:00 0 
b6dbd000-b6dc2000 r-xp 00000000 08:01 12981418   /usr/lib/i386-linux-gnu/libXdmcp.so.6.0.0
b6dc2000-b6dc3000 r--p 00004000 08:01 12981418   /usr/lib/i386-linux-gnu/libXdmcp.so.6.0.0
b6dc3000-b6dc4000 rw-p 00005000 08:01 12981418   /usr/lib/i386-linux-gnu/libXdmcp.so.6.0.0
b6dc4000-b6ddb000 r-xp 00000000 08:01 5245108    /opt/jdk/jdk1.7.0_80/jre/lib/i386/libzip.so
b6ddb000-b6ddc000 rw-p 00016000 08:01 5245108    /opt/jdk/jdk1.7.0_80/jre/lib/i386/libzip.so
b6ddc000-b6dff000 r-xp 00000000 08:01 5245079    /opt/jdk/jdk1.7.0_80/jre/lib/i386/libjava.so
b6dff000-b6e00000 rw-p 00023000 08:01 5245079    /opt/jdk/jdk1.7.0_80/jre/lib/i386/libjava.so
b6e00000-b6ef4000 rw-p 00000000 00:00 0 
b6ef4000-b6f00000 ---p 00000000 00:00 0 
b6f04000-b6f0c000 rw-s 00000000 08:01 5245215    /tmp/hsperfdata_the_prober/4383
b6f0c000-b6f18000 r-xp 00000000 08:01 6554312    /lib/i386-linux-gnu/libnss_nis-2.26.so
b6f18000-b6f19000 r--p 0000b000 08:01 6554312    /lib/i386-linux-gnu/libnss_nis-2.26.so
b6f19000-b6f1a000 rw-p 0000c000 08:01 6554312    /lib/i386-linux-gnu/libnss_nis-2.26.so
b6f1a000-b6f22000 r-xp 00000000 08:01 6554328    /lib/i386-linux-gnu/librt-2.26.so
b6f22000-b6f23000 r--p 00007000 08:01 6554328    /lib/i386-linux-gnu/librt-2.26.so
b6f23000-b6f24000 rw-p 00008000 08:01 6554328    /lib/i386-linux-gnu/librt-2.26.so
b6f24000-b6f27000 ---p 00000000 00:00 0 
b6f27000-b6f75000 rw-p 00000000 00:00 0 
b6f75000-b7072000 r-xp 00000000 08:01 6554259    /lib/i386-linux-gnu/libm-2.26.so
b7072000-b7073000 r--p 000fc000 08:01 6554259    /lib/i386-linux-gnu/libm-2.26.so
b7073000-b7074000 rw-p 000fd000 08:01 6554259    /lib/i386-linux-gnu/libm-2.26.so
b7074000-b78fb000 r-xp 00000000 08:01 5245060    /opt/jdk/jdk1.7.0_80/jre/lib/i386/server/libjvm.so
b78fb000-b795f000 rw-p 00886000 08:01 5245060    /opt/jdk/jdk1.7.0_80/jre/lib/i386/server/libjvm.so
b795f000-b7d84000 rw-p 00000000 00:00 0 
b7d84000-b7f53000 r-xp 00000000 08:01 6553692    /lib/i386-linux-gnu/libc-2.26.so
b7f53000-b7f54000 ---p 001cf000 08:01 6553692    /lib/i386-linux-gnu/libc-2.26.so
b7f54000-b7f56000 r--p 001cf000 08:01 6553692    /lib/i386-linux-gnu/libc-2.26.so
b7f56000-b7f57000 rw-p 001d1000 08:01 6553692    /lib/i386-linux-gnu/libc-2.26.so
b7f57000-b7f5a000 rw-p 00000000 00:00 0 
b7f5a000-b7f5d000 r-xp 00000000 08:01 6553970    /lib/i386-linux-gnu/libdl-2.26.so
b7f5d000-b7f5e000 r--p 00002000 08:01 6553970    /lib/i386-linux-gnu/libdl-2.26.so
b7f5e000-b7f5f000 rw-p 00003000 08:01 6553970    /lib/i386-linux-gnu/libdl-2.26.so
b7f5f000-b7f73000 r-xp 00000000 08:01 15993781   /opt/jdk/jdk1.7.0_80/lib/i386/jli/libjli.so
b7f73000-b7f74000 rw-p 00013000 08:01 15993781   /opt/jdk/jdk1.7.0_80/lib/i386/jli/libjli.so
b7f74000-b7f8f000 r-xp 00000000 08:01 6554317    /lib/i386-linux-gnu/libpthread-2.26.so
b7f8f000-b7f90000 r--p 0001a000 08:01 6554317    /lib/i386-linux-gnu/libpthread-2.26.so
b7f90000-b7f91000 rw-p 0001b000 08:01 6554317    /lib/i386-linux-gnu/libpthread-2.26.so
b7f91000-b7f93000 rw-p 00000000 00:00 0 
b7f95000-b7f97000 r-xp 00000000 08:01 12981851   /usr/lib/i386-linux-gnu/libXau.so.6.0.0
b7f97000-b7f98000 r--p 00001000 08:01 12981851   /usr/lib/i386-linux-gnu/libXau.so.6.0.0
b7f98000-b7f99000 rw-p 00002000 08:01 12981851   /usr/lib/i386-linux-gnu/libXau.so.6.0.0
b7f99000-b7f9a000 r--p 002d3000 08:01 12978858   /usr/lib/locale/locale-archive
b7f9a000-b7fa2000 r-xp 00000000 08:01 6554302    /lib/i386-linux-gnu/libnss_compat-2.26.so
b7fa2000-b7fa3000 r--p 00007000 08:01 6554302    /lib/i386-linux-gnu/libnss_compat-2.26.so
b7fa3000-b7fa4000 rw-p 00008000 08:01 6554302    /lib/i386-linux-gnu/libnss_compat-2.26.so
b7fa4000-b7fa5000 rw-p 00000000 00:00 0 
b7fa5000-b7fa6000 r--p 00000000 00:00 0 
b7fa6000-b7fb1000 r-xp 00000000 08:01 5245104    /opt/jdk/jdk1.7.0_80/jre/lib/i386/libverify.so
b7fb1000-b7fb2000 rw-p 0000b000 08:01 5245104    /opt/jdk/jdk1.7.0_80/jre/lib/i386/libverify.so
b7fb2000-b7fb4000 rw-p 00000000 00:00 0 
b7fb4000-b7fb7000 r--p 00000000 00:00 0          [vvar]
b7fb7000-b7fb9000 r-xp 00000000 00:00 0          [vdso]
b7fb9000-b7fde000 r-xp 00000000 08:01 6553675    /lib/i386-linux-gnu/ld-2.26.so
b7fde000-b7fdf000 r--p 00024000 08:01 6553675    /lib/i386-linux-gnu/ld-2.26.so
b7fdf000-b7fe0000 rw-p 00025000 08:01 6553675    /lib/i386-linux-gnu/ld-2.26.so
bf970000-bf991000 rw-p 00000000 00:00 0          [stack]

VM Arguments:
java_command: LoginForm
Launcher Type: SUN_STANDARD

Environment Variables:
CLASSPATH=/home/the_prober/Documents/Classpath/mysql-connector-java-5.1.46.jar:.
PATH=/home/the_prober/bin:/usr/local/sbin:/usr/local/bin:/usr/sbin:/usr/bin:/sbin:/bin:/usr/games:/usr/local/games:/snap/bin
USERNAME=the_prober
SHELL=/bin/bash
DISPLAY=:0

Signal Handlers:
SIGSEGV: [libjvm.so+0x7eb160], sa_mask[0]=0x7ffbfeff, sa_flags=0x10000004
SIGBUS: [libjvm.so+0x7eb160], sa_mask[0]=0x7ffbfeff, sa_flags=0x10000004
SIGFPE: [libjvm.so+0x684ac0], sa_mask[0]=0x7ffbfeff, sa_flags=0x10000004
SIGPIPE: [libjvm.so+0x684ac0], sa_mask[0]=0x7ffbfeff, sa_flags=0x10000004
SIGXFSZ: [libjvm.so+0x684ac0], sa_mask[0]=0x7ffbfeff, sa_flags=0x10000004
SIGILL: [libjvm.so+0x684ac0], sa_mask[0]=0x7ffbfeff, sa_flags=0x10000004
SIGUSR1: SIG_DFL, sa_mask[0]=0x00000000, sa_flags=0x00000000
SIGUSR2: [libjvm.so+0x686330], sa_mask[0]=0x00000000, sa_flags=0x10000004
SIGHUP: [libjvm.so+0x687660], sa_mask[0]=0x7ffbfeff, sa_flags=0x10000004
SIGINT: [libjvm.so+0x687660], sa_mask[0]=0x7ffbfeff, sa_flags=0x10000004
SIGTERM: [libjvm.so+0x687660], sa_mask[0]=0x7ffbfeff, sa_flags=0x10000004
SIGQUIT: [libjvm.so+0x687660], sa_mask[0]=0x7ffbfeff, sa_flags=0x10000004


---------------  S Y S T E M  ---------------

OS:stretch/sid

uname:Linux 4.13.0-43-generic #48-Ubuntu SMP Wed May 16 12:18:01 UTC 2018 i686
libc:glibc 2.26 NPTL 2.26 
rlimit: STACK 8192k, CORE 0k, NPROC 15645, NOFILE 4096, AS infinity
load average:1.33 0.28 0.09

/proc/meminfo:
MemTotal:        2052148 kB
MemFree:         1022832 kB
MemAvailable:    1310928 kB
Buffers:           19108 kB
Cached:           597068 kB
SwapCached:         1208 kB
Active:           576880 kB
Inactive:         375036 kB
Active(anon):     313196 kB
Inactive(anon):   161560 kB
Active(file):     263684 kB
Inactive(file):   213476 kB
Unevictable:           0 kB
Mlocked:               0 kB
HighTotal:       1179592 kB
HighFree:         448508 kB
LowTotal:         872556 kB
LowFree:          574324 kB
SwapTotal:       1048572 kB
SwapFree:        1045236 kB
Dirty:               640 kB
Writeback:            60 kB
AnonPages:        334620 kB
Mapped:           109624 kB
Shmem:            138952 kB
Slab:              46500 kB
SReclaimable:      26076 kB
SUnreclaim:        20424 kB
KernelStack:        2928 kB
PageTables:         7316 kB
NFS_Unstable:          0 kB
Bounce:                0 kB
WritebackTmp:          0 kB
CommitLimit:     2074644 kB
Committed_AS:    2980436 kB
VmallocTotal:     122880 kB
VmallocUsed:           0 kB
VmallocChunk:          0 kB
AnonHugePages:         0 kB
ShmemHugePages:        0 kB
ShmemPmdMapped:        0 kB
CmaTotal:              0 kB
CmaFree:               0 kB
HugePages_Total:       0
HugePages_Free:        0
HugePages_Rsvd:        0
HugePages_Surp:        0
Hugepagesize:       2048 kB
DirectMap4k:       22520 kB
DirectMap2M:      886784 kB


CPU:total 2 (2 cores per cpu, 1 threads per core) family 6 model 23 stepping 6, cmov, cx8, fxsr, mmx, sse, sse2, sse3, ssse3, tsc

/proc/cpuinfo:
processor	: 0
vendor_id	: GenuineIntel
cpu family	: 6
model		: 23
model name	: Pentium(R) Dual-Core  CPU      E5200  @ 2.50GHz
stepping	: 6
microcode	: 0x60f
cpu MHz		: 2463.052
cache size	: 2048 KB
physical id	: 0
siblings	: 2
core id		: 0
cpu cores	: 2
apicid		: 0
initial apicid	: 0
fdiv_bug	: no
f00f_bug	: no
coma_bug	: no
fpu		: yes
fpu_exception	: yes
cpuid level	: 10
wp		: yes
flags		: fpu vme de pse tsc msr pae mce cx8 apic sep mtrr pge mca cmov pat pse36 clflush dts acpi mmx fxsr sse sse2 ss ht tm pbe nx lm constant_tsc arch_perfmon pebs bts cpuid aperfmperf pni dtes64 monitor ds_cpl est tm2 ssse3 cx16 xtpr pdcm lahf_lm retpoline rsb_ctxsw dtherm
bugs		: cpu_meltdown spectre_v1 spectre_v2 spec_store_bypass
bogomips	: 5000.32
clflush size	: 64
cache_alignment	: 64
address sizes	: 36 bits physical, 48 bits virtual
power management:

processor	: 1
vendor_id	: GenuineIntel
cpu family	: 6
model		: 23
model name	: Pentium(R) Dual-Core  CPU      E5200  @ 2.50GHz
stepping	: 6
microcode	: 0x60f
cpu MHz		: 2466.211
cache size	: 2048 KB
physical id	: 0
siblings	: 2
core id		: 1
cpu cores	: 2
apicid		: 1
initial apicid	: 1
fdiv_bug	: no
f00f_bug	: no
coma_bug	: no
fpu		: yes
fpu_exception	: yes
cpuid level	: 10
wp		: yes
flags		: fpu vme de pse tsc msr pae mce cx8 apic sep mtrr pge mca cmov pat pse36 clflush dts acpi mmx fxsr sse sse2 ss ht tm pbe nx lm constant_tsc arch_perfmon pebs bts cpuid aperfmperf pni dtes64 monitor ds_cpl est tm2 ssse3 cx16 xtpr pdcm lahf_lm retpoline rsb_ctxsw dtherm
bugs		: cpu_meltdown spectre_v1 spectre_v2 spec_store_bypass
bogomips	: 5000.32
clflush size	: 64
cache_alignment	: 64
address sizes	: 36 bits physical, 48 bits virtual
power management:



Memory: 4k page, physical 2052148k(1024396k free), swap 1048572k(1045236k free)

vm_info: Java HotSpot(TM) Server VM (24.80-b11) for linux-x86 JRE (1.7.0_80-b15), built on Apr 10 2015 12:29:10 by "java_re" with gcc 4.3.0 20080428 (Red Hat 4.3.0-8)

time: Tue Jun 12 10:47:38 2018
elapsed time: 7403 seconds

